<?xml version="1.0" encoding="UTF-8"?>
<!-- Generated by org.testng.reporters.JUnitReportReporter -->
<testsuite hostname="SASIHAR-PC" failures="0" tests="3" name="_01_Open_Browser._05_CrossBrowserTest" time="75.829" errors="0" timestamp="2025-06-10T21:49:18 IST" skipped="0">
  <testcase classname="_01_Open_Browser._05_CrossBrowserTest" name="openApp" time="21.716"/>
  <testcase classname="_01_Open_Browser._05_CrossBrowserTest" name="openApp" time="19.028"/>
  <testcase classname="_01_Open_Browser._05_CrossBrowserTest" name="openApp" time="35.085"/>
</testsuite> <!-- _01_Open_Browser._05_CrossBrowserTest -->
