<?xml version="1.0" encoding="UTF-8"?>
<!-- Generated by org.testng.reporters.JUnitReportReporter -->
<testsuite hostname="SASIHAR-PC" failures="0" tests="3" name="TestNGbySasi.CrossBrowserTest" time="125.030" errors="0" timestamp="2025-06-09T21:53:24 IST" skipped="0">
  <testcase classname="TestNGbySasi.CrossBrowserTest" name="openApp" time="45.102"/>
  <testcase classname="TestNGbySasi.CrossBrowserTest" name="openApp" time="38.680"/>
  <testcase classname="TestNGbySasi.CrossBrowserTest" name="openApp" time="41.248"/>
</testsuite> <!-- TestNGbySasi.CrossBrowserTest -->
