<?xml version="1.0" encoding="UTF-8"?>
<!-- Generated by org.testng.reporters.JUnitReportReporter -->
<testsuite hostname="DESKTOP-63TRQ0M" failures="0" tests="2" name="_DataProvider._02_DataProvider_OrangeHRM" time="28.437" errors="0" timestamp="2025-06-12T09:42:34 IST" skipped="0">
  <testcase classname="_DataProvider._02_DataProvider_OrangeHRM" name="HRM_Login" time="11.581"/>
  <testcase classname="_DataProvider._02_DataProvider_OrangeHRM" name="HRM_Login" time="16.856"/>
</testsuite> <!-- _DataProvider._02_DataProvider_OrangeHRM -->
