<?xml version="1.0" encoding="UTF-8"?>
<!-- Generated by org.testng.reporters.JUnitReportReporter -->
<testsuite hostname="DESKTOP-63TRQ0M" failures="0" tests="1" name="brm.Brm_tremplintech_Login" time="37.390" errors="0" timestamp="2025-06-09T12:21:01 IST" skipped="0">
  <testcase classname="brm.Brm_tremplintech_Login" name="tremplintech_Login" time="37.390"/>
</testsuite> <!-- brm.Brm_tremplintech_Login -->
