<?xml version="1.0" encoding="UTF-8"?>
<!-- Generated by org.testng.reporters.JUnitReportReporter -->
<testsuite hostname="DESKTOP-63TRQ0M" failures="0" tests="1" name="testNgBasic.LearnGroups" time="0.007" errors="0" timestamp="2025-06-09T11:03:02 IST" skipped="0">
  <testcase classname="testNgBasic.LearnGroups" name="addToCart" time="0.007"/>
</testsuite> <!-- testNgBasic.LearnGroups -->
