<?xml version="1.0" encoding="UTF-8"?>
<!-- Generated by org.testng.reporters.JUnitReportReporter -->
<testsuite hostname="DESKTOP-63TRQ0M" failures="0" tests="3" name="TestNGbySasi.CrossBrowserTest" time="37.344" errors="0" timestamp="2025-06-10T10:43:22 IST" skipped="0">
  <testcase classname="TestNGbySasi.CrossBrowserTest" name="openApp" time="14.077"/>
  <testcase classname="TestNGbySasi.CrossBrowserTest" name="openApp" time="11.886"/>
  <testcase classname="TestNGbySasi.CrossBrowserTest" name="openApp" time="11.381"/>
</testsuite> <!-- TestNGbySasi.CrossBrowserTest -->
