<?xml version="1.0" encoding="UTF-8"?>
<!-- Generated by org.testng.reporters.JUnitReportReporter -->
<testsuite hostname="DESKTOP-63TRQ0M" failures="0" tests="2" name="_DataProvider.DataProvider_Own_class" time="57.380" errors="0" timestamp="2025-06-11T14:14:36 IST" skipped="0">
  <testcase classname="_DataProvider.DataProvider_Own_class" name="WebLogin" time="33.318"/>
  <testcase classname="_DataProvider.DataProvider_Own_class" name="WebLogin" time="24.062"/>
</testsuite> <!-- _DataProvider.DataProvider_Own_class -->
