<?xml version="1.0" encoding="UTF-8"?>
<!-- Generated by org.testng.reporters.JUnitReportReporter -->
<testsuite hostname="DESKTOP-63TRQ0M" failures="0" tests="3" name="_04_Parameter_Invocation_Count_TimeOut._02_Invocation_Count_with_TimeOut" time="18.600" errors="0" timestamp="2025-09-30T11:26:47 IST" skipped="0">
  <testcase classname="_04_Parameter_Invocation_Count_TimeOut._02_Invocation_Count_with_TimeOut" name="InvocationCounts" time="6.155"/>
  <testcase classname="_04_Parameter_Invocation_Count_TimeOut._02_Invocation_Count_with_TimeOut" name="InvocationCounts" time="5.783"/>
  <testcase classname="_04_Parameter_Invocation_Count_TimeOut._02_Invocation_Count_with_TimeOut" name="InvocationCounts" time="6.662"/>
</testsuite> <!-- _04_Parameter_Invocation_Count_TimeOut._02_Invocation_Count_with_TimeOut -->
