<?xml version="1.0" encoding="UTF-8"?>
<!-- Generated by org.testng.reporters.JUnitReportReporter -->
<testsuite hostname="DESKTOP-63TRQ0M" failures="0" tests="1" name="_01_Open_Browser_Sequen.EDGE" time="12.821" errors="0" timestamp="2025-09-25T12:41:34 IST" skipped="0">
  <testcase classname="_01_Open_Browser_Sequen.EDGE" name="Edge_Maven" time="12.821"/>
</testsuite> <!-- _01_Open_Browser_Sequen.EDGE -->
