<?xml version="1.0" encoding="UTF-8"?>
<!-- Generated by org.testng.reporters.JUnitReportReporter -->
<testsuite hostname="DESKTOP-63TRQ0M" failures="0" tests="1" name="_04_Parameter_Invocation_Count_TimeOut._02_Invocation_Count_with_TimeOut" time="19.172" errors="0" timestamp="2025-09-30T11:32:52 IST" skipped="0">
  <testcase classname="_04_Parameter_Invocation_Count_TimeOut._02_Invocation_Count_with_TimeOut" name="InvocationCounts" time="19.172"/>
</testsuite> <!-- _04_Parameter_Invocation_Count_TimeOut._02_Invocation_Count_with_TimeOut -->
