<?xml version="1.0" encoding="UTF-8"?>
<!-- Generated by org.testng.reporters.JUnitReportReporter -->
<testsuite hostname="DESKTOP-63TRQ0M" failures="0" tests="3" name="CrossBowserTest._04_CrossBroswer_BrmtremplintechLogin" time="77.355" errors="0" timestamp="2025-06-11T11:52:19 IST" skipped="0">
  <testcase classname="CrossBowserTest._04_CrossBroswer_BrmtremplintechLogin" name="BRM_Login" time="25.112"/>
  <testcase classname="CrossBowserTest._04_CrossBroswer_BrmtremplintechLogin" name="BRM_Login" time="24.954"/>
  <testcase classname="CrossBowserTest._04_CrossBroswer_BrmtremplintechLogin" name="BRM_Login" time="27.289"/>
</testsuite> <!-- CrossBowserTest._04_CrossBroswer_BrmtremplintechLogin -->
