<?xml version="1.0" encoding="UTF-8"?>
<!-- Generated by org.testng.reporters.JUnitReportReporter -->
<testsuite hostname="DESKTOP-63TRQ0M" failures="0" tests="2" name="_DataProvider_From_Excel_WebPage._02_DataProvider_OrangeHRM" time="20.515" errors="0" timestamp="2025-06-14T15:05:15 IST" skipped="0">
  <testcase classname="_DataProvider_From_Excel_WebPage._02_DataProvider_OrangeHRM" name="HRM_Login" time="11.653"/>
  <testcase classname="_DataProvider_From_Excel_WebPage._02_DataProvider_OrangeHRM" name="HRM_Login" time="8.862"/>
</testsuite> <!-- _DataProvider_From_Excel_WebPage._02_DataProvider_OrangeHRM -->
