<?xml version="1.0" encoding="UTF-8"?>
<!-- Generated by org.testng.reporters.JUnitReportReporter -->
<testsuite hostname="DESKTOP-63TRQ0M" failures="0" tests="1" name="testNgBasic.LearnDataProvider" time="0.000" errors="1" timestamp="2025-06-09T11:57:09 IST" skipped="0">
  <testcase classname="testNgBasic.LearnDataProvider" name="login" time="0.000">
    <error message="java.lang.Error: Unresolved compilation problems: 
	XSSFWorkbook cannot be resolved to a type
	XSSFWorkbook cannot be resolved to a type
	XSSFSheet cannot be resolved to a type
	XSSFRow cannot be resolved to a type
	XSSFCell cannot be resolved to a type
	DataFormatter cannot be resolved to a type
	DataFormatter cannot be resolved to a type
" type="java.lang.RuntimeException">
      <![CDATA[java.lang.RuntimeException: java.lang.Error: Unresolved compilation problems: 
XSSFWorkbook cannot be resolved to a type
XSSFWorkbook cannot be resolved to a type
XSSFSheet cannot be resolved to a type
XSSFRow cannot be resolved to a type
XSSFCell cannot be resolved to a type
DataFormatter cannot be resolved to a type
DataFormatter cannot be resolved to a type

at org.testng.internal.invokers.MethodInvocationHelper.invokeMethodNoCheckedException(MethodInvocationHelper.java:58)
at org.testng.internal.invokers.MethodInvocationHelper.invokeDataProvider(MethodInvocationHelper.java:159)
at org.testng.internal.Parameters.handleParameters(Parameters.java:809)
at org.testng.internal.Parameters.handleParameters(Parameters.java:734)
at org.testng.internal.invokers.ParameterHandler.handleParameters(ParameterHandler.java:72)
at org.testng.internal.invokers.ParameterHandler.createParameters(ParameterHandler.java:51)
at org.testng.internal.invokers.TestInvoker$MethodInvocationAgent.invoke(TestInvoker.java:949)
at org.testng.internal.invokers.TestInvoker.invokeTestMethods(TestInvoker.java:203)
at org.testng.internal.invokers.TestMethodWorker.invokeTestMethods(TestMethodWorker.java:154)
at org.testng.internal.invokers.TestMethodWorker.run(TestMethodWorker.java:134)
at java.base/java.util.ArrayList.forEach(ArrayList.java:1604)
at org.testng.TestRunner.privateRun(TestRunner.java:741)
at org.testng.TestRunner.run(TestRunner.java:616)
at org.testng.SuiteRunner.runTest(SuiteRunner.java:421)
at org.testng.SuiteRunner$SuiteWorker.run(SuiteRunner.java:463)
at org.testng.internal.thread.ThreadUtil.lambda$execute$0(ThreadUtil.java:64)
at java.base/java.util.concurrent.FutureTask.run(FutureTask.java:328)
at java.base/java.util.concurrent.ThreadPoolExecutor.runWorker(ThreadPoolExecutor.java:1095)
at java.base/java.util.concurrent.ThreadPoolExecutor$Worker.run(ThreadPoolExecutor.java:619)
at java.base/java.lang.Thread.run(Thread.java:1447)
Caused by: java.lang.Error: Unresolved compilation problems: 
XSSFWorkbook cannot be resolved to a type
XSSFWorkbook cannot be resolved to a type
XSSFSheet cannot be resolved to a type
XSSFRow cannot be resolved to a type
XSSFCell cannot be resolved to a type
DataFormatter cannot be resolved to a type
DataFormatter cannot be resolved to a type

at utils.ReadExcel.getExcelData(ReadExcel.java:16)
at utils.DataUtils.getData(DataUtils.java:9)
at java.base/jdk.internal.reflect.DirectMethodHandleAccessor.invoke(DirectMethodHandleAccessor.java:104)
at java.base/java.lang.reflect.Method.invoke(Method.java:565)
at org.testng.internal.invokers.MethodInvocationHelper.invokeMethod(MethodInvocationHelper.java:141)
at org.testng.internal.invokers.MethodInvocationHelper.invokeMethod(MethodInvocationHelper.java:86)
at org.testng.internal.invokers.MethodInvocationHelper.invokeMethodNoCheckedException(MethodInvocationHelper.java:54)
... 19 more
]]>
    </error>
  </testcase> <!-- login -->
</testsuite> <!-- testNgBasic.LearnDataProvider -->
