<?xml version="1.0" encoding="UTF-8"?>
<!-- Generated by org.testng.reporters.JUnitReportReporter -->
<testsuite hostname="DESKTOP-63TRQ0M" failures="0" tests="1" name="TestNGbySasi.LoginBrm" time="26.294" errors="0" timestamp="2025-06-11T10:28:38 IST" skipped="0">
  <testcase classname="TestNGbySasi.LoginBrm" name="brm" time="26.294"/>
</testsuite> <!-- TestNGbySasi.LoginBrm -->
