<?xml version="1.0" encoding="UTF-8"?>
<!-- Generated by org.testng.reporters.JUnitReportReporter -->
<testsuite hostname="DESKTOP-63TRQ0M" failures="0" tests="1" name="_01_Open_Browser_Sequen.CHROME" time="7.119" errors="0" timestamp="2025-09-24T15:59:18 IST" skipped="0">
  <testcase classname="_01_Open_Browser_Sequen.CHROME" name="Chrome_Maven" time="7.119"/>
</testsuite> <!-- _01_Open_Browser_Sequen.CHROME -->
