<?xml version="1.0" encoding="UTF-8"?>
<!-- Generated by org.testng.reporters.JUnitReportReporter -->
<testsuite hostname="SASIHAR-PC" failures="0" tests="4" name="_DataProvider_From_Excel_WebPage.Get_Data_From_ReadExcel_To_Website" time="117.403" errors="0" timestamp="2025-06-21T20:22:40 IST" skipped="0">
  <testcase classname="_DataProvider_From_Excel_WebPage.Get_Data_From_ReadExcel_To_Website" name="login" time="52.186"/>
  <testcase classname="_DataProvider_From_Excel_WebPage.Get_Data_From_ReadExcel_To_Website" name="login" time="19.868"/>
  <testcase classname="_DataProvider_From_Excel_WebPage.Get_Data_From_ReadExcel_To_Website" name="login" time="24.670"/>
  <testcase classname="_DataProvider_From_Excel_WebPage.Get_Data_From_ReadExcel_To_Website" name="login" time="20.679"/>
</testsuite> <!-- _DataProvider_From_Excel_WebPage.Get_Data_From_ReadExcel_To_Website -->
