<?xml version="1.0" encoding="UTF-8"?>
<!-- Generated by org.testng.reporters.JUnitReportReporter -->
<testsuite hostname="DESKTOP-63TRQ0M" failures="0" tests="2" name="_DataProvider._01_DataProvider_Own_class_03" time="11.696" errors="0" timestamp="2025-07-29T10:21:21 IST" skipped="0">
  <testcase classname="_DataProvider._01_DataProvider_Own_class_03" name="Search_In_Google" time="5.937"/>
  <testcase classname="_DataProvider._01_DataProvider_Own_class_03" name="Search_In_Google" time="5.759"/>
</testsuite> <!-- _DataProvider._01_DataProvider_Own_class_03 -->
