<?xml version="1.0" encoding="UTF-8"?>
<!-- Generated by org.testng.reporters.JUnitReportReporter -->
<testsuite hostname="DESKTOP-63TRQ0M" failures="0" tests="3" name="CrossBowserTest._05_OrangeHRM" time="38.619" errors="0" timestamp="2025-06-12T09:34:06 IST" skipped="0">
  <testcase classname="CrossBowserTest._05_OrangeHRM" name="LoginData" time="7.565"/>
  <testcase classname="CrossBowserTest._05_OrangeHRM" name="LoginData" time="26.097"/>
  <testcase classname="CrossBowserTest._05_OrangeHRM" name="LoginData" time="4.957"/>
</testsuite> <!-- CrossBowserTest._05_OrangeHRM -->
