<?xml version="1.0" encoding="UTF-8"?>
<!-- Generated by org.testng.reporters.JUnitReportReporter -->
<testsuite hostname="DESKTOP-63TRQ0M" failures="0" tests="3" name="CrossBowserTest._01_CrossBrowserTest_ChatGPT" time="10.746" errors="0" timestamp="2025-06-11T11:40:24 IST" skipped="0">
  <testcase classname="CrossBowserTest._01_CrossBrowserTest_ChatGPT" name="openApp" time="3.274"/>
  <testcase classname="CrossBowserTest._01_CrossBrowserTest_ChatGPT" name="openApp" time="2.145"/>
  <testcase classname="CrossBowserTest._01_CrossBrowserTest_ChatGPT" name="openApp" time="5.327"/>
</testsuite> <!-- CrossBowserTest._01_CrossBrowserTest_ChatGPT -->
