<?xml version="1.0" encoding="UTF-8"?>
<!-- Generated by org.testng.reporters.JUnitReportReporter -->
<testsuite hostname="SASIHAR-PC" failures="0" tests="2" name="_DataProvider._01_DataProvider_Own_class" time="90.084" errors="0" timestamp="2025-06-11T21:40:54 IST" skipped="0">
  <testcase classname="_DataProvider._01_DataProvider_Own_class" name="WebLogin" time="48.037"/>
  <testcase classname="_DataProvider._01_DataProvider_Own_class" name="WebLogin" time="42.047"/>
</testsuite> <!-- _DataProvider._01_DataProvider_Own_class -->
