<?xml version="1.0" encoding="UTF-8"?>
<!-- Generated by org.testng.reporters.JUnitReportReporter -->
<testsuite hostname="DESKTOP-63TRQ0M" failures="0" tests="4" name="_DataProvider_From_Excel_WebPage.Get_Data_From_ReadExcel_To_Website" time="51.416" errors="0" timestamp="2025-06-26T11:48:05 IST" skipped="0">
  <testcase classname="_DataProvider_From_Excel_WebPage.Get_Data_From_ReadExcel_To_Website" name="login" time="13.961"/>
  <testcase classname="_DataProvider_From_Excel_WebPage.Get_Data_From_ReadExcel_To_Website" name="login" time="11.145"/>
  <testcase classname="_DataProvider_From_Excel_WebPage.Get_Data_From_ReadExcel_To_Website" name="login" time="11.762"/>
  <testcase classname="_DataProvider_From_Excel_WebPage.Get_Data_From_ReadExcel_To_Website" name="login" time="14.548"/>
</testsuite> <!-- _DataProvider_From_Excel_WebPage.Get_Data_From_ReadExcel_To_Website -->
