<?xml version="1.0" encoding="UTF-8"?>
<!-- Generated by org.testng.reporters.JUnitReportReporter -->
<testsuite hostname="DESKTOP-63TRQ0M" failures="0" tests="2" name="_DataProvider._01_DataProvider_Own_class_01" time="51.341" errors="0" timestamp="2025-07-24T11:44:56 IST" skipped="0">
  <testcase classname="_DataProvider._01_DataProvider_Own_class_01" name="WebLogin" time="23.563"/>
  <testcase classname="_DataProvider._01_DataProvider_Own_class_01" name="WebLogin" time="27.778"/>
</testsuite> <!-- _DataProvider._01_DataProvider_Own_class_01 -->
