<?xml version="1.0" encoding="UTF-8"?>
<!-- Generated by org.testng.reporters.JUnitReportReporter -->
<testsuite hostname="DESKTOP-63TRQ0M" failures="0" tests="1" name="_01_Open_Browser_Sequen.CHROME" time="12.745" errors="0" timestamp="2025-09-26T12:06:26 IST" skipped="0">
  <testcase classname="_01_Open_Browser_Sequen.CHROME" name="Chrome_Maven" time="12.745"/>
</testsuite> <!-- _01_Open_Browser_Sequen.CHROME -->
