<?xml version="1.0" encoding="UTF-8"?>
<!-- Generated by org.testng.reporters.JUnitReportReporter -->
<testsuite hostname="DESKTOP-63TRQ0M" failures="0" tests="1" name="_05_Parameter_AlwaysRun_Enable_Description._01_Description" time="0.007" errors="0" timestamp="2025-10-09T12:21:13 IST" skipped="0">
  <testcase classname="_05_Parameter_AlwaysRun_Enable_Description._01_Description" name="Description" time="0.007"/>
</testsuite> <!-- _05_Parameter_AlwaysRun_Enable_Description._01_Description -->
