<?xml version="1.0" encoding="UTF-8"?>
<!-- Generated by org.testng.reporters.JUnitReportReporter -->
<testsuite hostname="SASIHAR-PC" failures="0" tests="1" name="_01_Open_Browser.CHROME" time="41.982" errors="0" timestamp="2025-06-08T16:00:58 IST" skipped="0">
  <testcase classname="_01_Open_Browser.CHROME" name="Chrome_Maven" time="41.982"/>
</testsuite> <!-- _01_Open_Browser.CHROME -->
