<?xml version="1.0" encoding="UTF-8"?>
<!-- Generated by org.testng.reporters.JUnitReportReporter -->
<testsuite hostname="DESKTOP-63TRQ0M" failures="0" tests="1" name="_DataProvider._06_DataProvider_Sub_Class_Indices" time="8.201" errors="0" timestamp="2025-06-12T11:26:10 IST" skipped="0">
  <testcase classname="_DataProvider._06_DataProvider_Sub_Class_Indices" name="HRM_Login" time="8.201"/>
</testsuite> <!-- _DataProvider._06_DataProvider_Sub_Class_Indices -->
