<?xml version="1.0" encoding="UTF-8"?>
<!-- Generated by org.testng.reporters.JUnitReportReporter -->
<testsuite hostname="DESKTOP-63TRQ0M" failures="0" tests="3" name="testNgBasic.LearnFindElements" time="11.487" errors="0" timestamp="2025-06-09T10:17:46 IST" skipped="0">
  <testcase classname="testNgBasic.LearnFindElements" name="findElements" time="3.483"/>
  <testcase classname="testNgBasic.LearnFindElements" name="findElements" time="4.307"/>
  <testcase classname="testNgBasic.LearnFindElements" name="findElements" time="3.697"/>
</testsuite> <!-- testNgBasic.LearnFindElements -->
