<?xml version="1.0" encoding="UTF-8"?>
<!-- Generated by org.testng.reporters.JUnitReportReporter -->
<testsuite hostname="DESKTOP-63TRQ0M" failures="0" tests="5" name="_02_Parameter._02_Priority" time="0.013" errors="0" timestamp="2025-09-26T12:17:00 IST" skipped="0">
  <testcase classname="_02_Parameter._02_Priority" name="Dog" time="0.009"/>
  <testcase classname="_02_Parameter._02_Priority" name="Cat" time="0.001"/>
  <testcase classname="_02_Parameter._02_Priority" name="Elephant" time="0.000"/>
  <testcase classname="_02_Parameter._02_Priority" name="Apple" time="0.001"/>
  <testcase classname="_02_Parameter._02_Priority" name="Banana" time="0.002"/>
</testsuite> <!-- _02_Parameter._02_Priority -->
