<?xml version="1.0" encoding="UTF-8"?>
<!-- Generated by org.testng.reporters.JUnitReportReporter -->
<testsuite hostname="DESKTOP-63TRQ0M" failures="0" tests="5" name="_02_Parameter._03_Priority" time="0.023" errors="0" timestamp="2025-09-27T14:12:57 IST" skipped="0">
  <testcase classname="_02_Parameter._03_Priority" name="Banana" time="0.016"/>
  <testcase classname="_02_Parameter._03_Priority" name="Apple" time="0.002"/>
  <testcase classname="_02_Parameter._03_Priority" name="Dog" time="0.003"/>
  <testcase classname="_02_Parameter._03_Priority" name="Cat" time="0.001"/>
  <testcase classname="_02_Parameter._03_Priority" name="Elephant" time="0.001"/>
</testsuite> <!-- _02_Parameter._03_Priority -->
