<?xml version="1.0" encoding="UTF-8"?>
<!-- Generated by org.testng.reporters.JUnitReportReporter -->
<testsuite hostname="DESKTOP-63TRQ0M" failures="0" tests="2" name="_DataProvider._04_DataProvider_Sub_Class" time="17.981" errors="0" timestamp="2025-06-12T11:22:23 IST" skipped="0">
  <testcase classname="_DataProvider._04_DataProvider_Sub_Class" name="HRM_Login" time="8.758"/>
  <testcase classname="_DataProvider._04_DataProvider_Sub_Class" name="HRM_Login" time="9.223"/>
</testsuite> <!-- _DataProvider._04_DataProvider_Sub_Class -->
