<?xml version="1.0" encoding="UTF-8"?>
<!-- Generated by org.testng.reporters.JUnitReportReporter -->
<testsuite hostname="DESKTOP-63TRQ0M" failures="0" tests="5" name="_02_Parameter._01_Priority" time="0.013" errors="0" timestamp="2025-09-26T12:08:16 IST" skipped="0">
  <testcase classname="_02_Parameter._01_Priority" name="SearchProduct" time="0.002"/>
  <testcase classname="_02_Parameter._01_Priority" name="SingOut" time="0.001"/>
  <testcase classname="_02_Parameter._01_Priority" name="SingUp" time="0.001"/>
  <testcase classname="_02_Parameter._01_Priority" name="AddToChart" time="0.008"/>
  <testcase classname="_02_Parameter._01_Priority" name="SingIn" time="0.001"/>
</testsuite> <!-- _02_Parameter._01_Priority -->
