<?xml version="1.0" encoding="UTF-8"?>
<!-- Generated by org.testng.reporters.JUnitReportReporter -->
<testsuite hostname="DESKTOP-63TRQ0M" failures="0" tests="2" name="_DataProvider._01_DataProvider_Own_class_02" time="8.859" errors="0" timestamp="2025-07-26T11:29:25 IST" skipped="0">
  <testcase classname="_DataProvider._01_DataProvider_Own_class_02" name="Search_In_Google" time="4.255"/>
  <testcase classname="_DataProvider._01_DataProvider_Own_class_02" name="Search_In_Google" time="4.604"/>
</testsuite> <!-- _DataProvider._01_DataProvider_Own_class_02 -->
