<?xml version="1.0" encoding="UTF-8"?>
<!-- Generated by org.testng.reporters.JUnitReportReporter -->
<testsuite hostname="DESKTOP-63TRQ0M" failures="0" tests="1" name="_01_Open_Browser.CHROME" time="5.951" errors="0" timestamp="2025-06-16T10:29:08 IST" skipped="0">
  <testcase classname="_01_Open_Browser.CHROME" name="Chrome_Maven" time="5.951"/>
</testsuite> <!-- _01_Open_Browser.CHROME -->
